<?xml version="1.0" encoding="UTF-8"?>
<!-- Generated by org.testng.reporters.JUnitReportReporter -->
<testsuite hostname="Raahul" failures="0" tests="1" name="com.inetBanking.testCases.TC_LoginTest_001" time="1.781" errors="0" timestamp="2023-12-04T00:31:30 IST" skipped="0">
  <testcase classname="com.inetBanking.testCases.TC_LoginTest_001" name="loginToWebsite" time="1.781"/>
  <system-out/>
</testsuite> <!-- com.inetBanking.testCases.TC_LoginTest_001 -->
